<?xml version="1.0" encoding="UTF-8"?>
<!-- Generated by org.testng.reporters.JUnitReportReporter -->
<testsuite hostname="AnkurKaushik" name="TestScenarios.DraupSigInTest" tests="2" failures="0" timestamp="9 Nov 2017 06:02:30 GMT" time="16.163" errors="0">
  <testcase name="openDraupApplication" time="2.729" classname="TestScenarios.DraupSigInTest"/>
  <testcase name="signIn" time="13.434" classname="TestScenarios.DraupSigInTest"/>
</testsuite> <!-- TestScenarios.DraupSigInTest -->
