<?xml version="1.0" encoding="UTF-8"?>
<!-- Generated by org.testng.reporters.JUnitReportReporter -->
<testsuite hostname="AnkurKaushik" name="TestScenarios.DraupSigInTest" tests="2" failures="0" timestamp="10 Nov 2017 09:27:08 GMT" time="14.619" errors="0">
  <testcase name="openDraupApplication" time="2.588" classname="TestScenarios.DraupSigInTest"/>
  <testcase name="signIn" time="12.031" classname="TestScenarios.DraupSigInTest"/>
</testsuite> <!-- TestScenarios.DraupSigInTest -->
