<?xml version="1.0" encoding="UTF-8"?>
<!-- Generated by org.testng.reporters.JUnitReportReporter -->
<testsuite hostname="AnkurKaushik" name="TestScenarios.Universetest" tests="1" failures="0" timestamp="10 Nov 2017 08:15:31 GMT" time="0.219" errors="0">
  <testcase name="universeModuleLandingPage" time="0.219" classname="TestScenarios.Universetest"/>
</testsuite> <!-- TestScenarios.Universetest -->
